0 info it worked if it ends with ok
1 verbose cli [ '/usr/local/Cellar/node/0.8.8/bin/node',
1 verbose cli   '/usr/local/bin/npm',
1 verbose cli   'install',
1 verbose cli   '.' ]
2 info using npm@1.1.59
3 info using node@v0.8.8
4 verbose read json /Users/adam/Dropbox/Dev/Sites/krtconf/package.json
5 verbose read json /Users/adam/Dropbox/Dev/Sites/krtconf/node_modules/express/package.json
6 verbose read json /Users/adam/Dropbox/Dev/Sites/krtconf/package.json
7 verbose cache add [ '.', null ]
8 silly cache add name=undefined spec="." args=[".",null]
9 verbose parsed url { pathname: '.', path: '.', href: '.' }
10 silly lockFile 3a52ce78- .
11 verbose lock . /Users/adam/.npm/3a52ce78-.lock
12 verbose read json package.json
13 silly lockFile 3a52ce78- .
14 error addLocal Could not install .
15 error Error: ENOENT, open 'package.json'
16 error If you need help, you may report this log at:
16 error     <http://github.com/isaacs/npm/issues>
16 error or email it to:
16 error     <npm-@googlegroups.com>
17 error System Darwin 12.2.0
18 error command "/usr/local/Cellar/node/0.8.8/bin/node" "/usr/local/bin/npm" "install" "."
19 error cwd /Users/adam/Dropbox/Dev/Sites/krtconf/2012
20 error node -v v0.8.8
21 error npm -v 1.1.59
22 error path package.json
23 error code ENOENT
24 error errno 34
25 verbose exit [ 34, true ]
